Determining if the pthread_create exist failed with the following output:
Change Dir: /home/alex-criwer/CLionProjects/game/CMakeFiles/CMakeTmp

Run Build Command:"/usr/bin/make" "cmTC_44d6d/fast"
/usr/bin/make -f CMakeFiles/cmTC_44d6d.dir/build.make CMakeFiles/cmTC_44d6d.dir/build
make[1]: вход в каталог «/home/alex-criwer/CLionProjects/game/CMakeFiles/CMakeTmp»
Building C object CMakeFiles/cmTC_44d6d.dir/CheckSymbolExists.c.o
/usr/bin/cc    -o CMakeFiles/cmTC_44d6d.dir/CheckSymbolExists.c.o   -c /home/alex-criwer/CLionProjects/game/CMakeFiles/CMakeTmp/CheckSymbolExists.c
Linking C executable cmTC_44d6d
/usr/bin/cmake -E cmake_link_script CMakeFiles/cmTC_44d6d.dir/link.txt --verbose=1
/usr/bin/cc      -rdynamic CMakeFiles/cmTC_44d6d.dir/CheckSymbolExists.c.o  -o cmTC_44d6d 
CMakeFiles/cmTC_44d6d.dir/CheckSymbolExists.c.o: In function `main':
CheckSymbolExists.c:(.text+0x1b): undefined reference to `pthread_create'
collect2: error: ld returned 1 exit status
CMakeFiles/cmTC_44d6d.dir/build.make:97: recipe for target 'cmTC_44d6d' failed
make[1]: *** [cmTC_44d6d] Error 1
make[1]: выход из каталога «/home/alex-criwer/CLionProjects/game/CMakeFiles/CMakeTmp»
Makefile:126: recipe for target 'cmTC_44d6d/fast' failed
make: *** [cmTC_44d6d/fast] Error 2

File /home/alex-criwer/CLionProjects/game/CMakeFiles/CMakeTmp/CheckSymbolExists.c:
/* */
#include <pthread.h>

int main(int argc, char** argv)
{
  (void)argv;
#ifndef pthread_create
  return ((int*)(&pthread_create))[argc];
#else
  (void)argc;
  return 0;
#endif
}

Determining if the function pthread_create exists in the pthreads failed with the following output:
Change Dir: /home/alex-criwer/CLionProjects/game/CMakeFiles/CMakeTmp

Run Build Command:"/usr/bin/make" "cmTC_b8bfe/fast"
/usr/bin/make -f CMakeFiles/cmTC_b8bfe.dir/build.make CMakeFiles/cmTC_b8bfe.dir/build
make[1]: вход в каталог «/home/alex-criwer/CLionProjects/game/CMakeFiles/CMakeTmp»
Building C object CMakeFiles/cmTC_b8bfe.dir/CheckFunctionExists.c.o
/usr/bin/cc   -DCHECK_FUNCTION_EXISTS=pthread_create   -o CMakeFiles/cmTC_b8bfe.dir/CheckFunctionExists.c.o   -c /usr/share/cmake-3.10/Modules/CheckFunctionExists.c
Linking C executable cmTC_b8bfe
/usr/bin/cmake -E cmake_link_script CMakeFiles/cmTC_b8bfe.dir/link.txt --verbose=1
/usr/bin/cc  -DCHECK_FUNCTION_EXISTS=pthread_create    -rdynamic CMakeFiles/cmTC_b8bfe.dir/CheckFunctionExists.c.o  -o cmTC_b8bfe -lpthreads 
/usr/bin/ld: cannot find -lpthreads
collect2: error: ld returned 1 exit status
CMakeFiles/cmTC_b8bfe.dir/build.make:97: recipe for target 'cmTC_b8bfe' failed
make[1]: *** [cmTC_b8bfe] Error 1
make[1]: выход из каталога «/home/alex-criwer/CLionProjects/game/CMakeFiles/CMakeTmp»
Makefile:126: recipe for target 'cmTC_b8bfe/fast' failed
make: *** [cmTC_b8bfe/fast] Error 2


Performing C SOURCE FILE Test CMAKE_HAVE_LIBC_PTHREAD failed with the following output:
Change Dir: /home/alex-criwer/CLionProjects/game/CMakeFiles/CMakeTmp

Run Build Command(s):/usr/bin/make cmTC_bab6c/fast && /usr/bin/make -f CMakeFiles/cmTC_bab6c.dir/build.make CMakeFiles/cmTC_bab6c.dir/build
make[1]: вход в каталог «/home/alex-criwer/CLionProjects/game/CMakeFiles/CMakeTmp»
Building C object CMakeFiles/cmTC_bab6c.dir/src.c.o
/usr/bin/cc   -DCMAKE_HAVE_LIBC_PTHREAD   -o CMakeFiles/cmTC_bab6c.dir/src.c.o   -c /home/alex-criwer/CLionProjects/game/CMakeFiles/CMakeTmp/src.c
Linking C executable cmTC_bab6c
/snap/clion/107/bin/cmake/linux/bin/cmake -E cmake_link_script CMakeFiles/cmTC_bab6c.dir/link.txt --verbose=1
/usr/bin/cc  -DCMAKE_HAVE_LIBC_PTHREAD    -rdynamic CMakeFiles/cmTC_bab6c.dir/src.c.o  -o cmTC_bab6c 
CMakeFiles/cmTC_bab6c.dir/src.c.o: In function `main':
src.c:(.text+0x3e): undefined reference to `pthread_create'
src.c:(.text+0x4a): undefined reference to `pthread_detach'
src.c:(.text+0x5b): undefined reference to `pthread_join'
src.c:(.text+0x6f): undefined reference to `pthread_atfork'
collect2: error: ld returned 1 exit status
CMakeFiles/cmTC_bab6c.dir/build.make:86: recipe for target 'cmTC_bab6c' failed
make[1]: *** [cmTC_bab6c] Error 1
make[1]: выход из каталога «/home/alex-criwer/CLionProjects/game/CMakeFiles/CMakeTmp»
Makefile:121: recipe for target 'cmTC_bab6c/fast' failed
make: *** [cmTC_bab6c/fast] Error 2


Source file was:
#include <pthread.h>

void* test_func(void* data)
{
  return data;
}

int main(void)
{
  pthread_t thread;
  pthread_create(&thread, NULL, test_func, NULL);
  pthread_detach(thread);
  pthread_join(thread, NULL);
  pthread_atfork(NULL, NULL, NULL);
  pthread_exit(NULL);

  return 0;
}

Determining if the pthread_create exist failed with the following output:
Change Dir: /home/alex-criwer/CLionProjects/game/CMakeFiles/CMakeTmp

Run Build Command:"/usr/bin/make" "cmTC_71715/fast"
/usr/bin/make -f CMakeFiles/cmTC_71715.dir/build.make CMakeFiles/cmTC_71715.dir/build
make[1]: вход в каталог «/home/alex-criwer/CLionProjects/game/CMakeFiles/CMakeTmp»
Building C object CMakeFiles/cmTC_71715.dir/CheckSymbolExists.c.o
/usr/bin/cc    -o CMakeFiles/cmTC_71715.dir/CheckSymbolExists.c.o   -c /home/alex-criwer/CLionProjects/game/CMakeFiles/CMakeTmp/CheckSymbolExists.c
Linking C executable cmTC_71715
/usr/bin/cmake -E cmake_link_script CMakeFiles/cmTC_71715.dir/link.txt --verbose=1
/usr/bin/cc      -rdynamic CMakeFiles/cmTC_71715.dir/CheckSymbolExists.c.o  -o cmTC_71715 
CMakeFiles/cmTC_71715.dir/CheckSymbolExists.c.o: In function `main':
CheckSymbolExists.c:(.text+0x1b): undefined reference to `pthread_create'
collect2: error: ld returned 1 exit status
CMakeFiles/cmTC_71715.dir/build.make:97: recipe for target 'cmTC_71715' failed
make[1]: *** [cmTC_71715] Error 1
make[1]: выход из каталога «/home/alex-criwer/CLionProjects/game/CMakeFiles/CMakeTmp»
Makefile:126: recipe for target 'cmTC_71715/fast' failed
make: *** [cmTC_71715/fast] Error 2

File /home/alex-criwer/CLionProjects/game/CMakeFiles/CMakeTmp/CheckSymbolExists.c:
/* */
#include <pthread.h>

int main(int argc, char** argv)
{
  (void)argv;
#ifndef pthread_create
  return ((int*)(&pthread_create))[argc];
#else
  (void)argc;
  return 0;
#endif
}

Determining if the function pthread_create exists in the pthreads failed with the following output:
Change Dir: /home/alex-criwer/CLionProjects/game/CMakeFiles/CMakeTmp

Run Build Command:"/usr/bin/make" "cmTC_e33ed/fast"
/usr/bin/make -f CMakeFiles/cmTC_e33ed.dir/build.make CMakeFiles/cmTC_e33ed.dir/build
make[1]: вход в каталог «/home/alex-criwer/CLionProjects/game/CMakeFiles/CMakeTmp»
Building C object CMakeFiles/cmTC_e33ed.dir/CheckFunctionExists.c.o
/usr/bin/cc   -DCHECK_FUNCTION_EXISTS=pthread_create   -o CMakeFiles/cmTC_e33ed.dir/CheckFunctionExists.c.o   -c /usr/share/cmake-3.10/Modules/CheckFunctionExists.c
Linking C executable cmTC_e33ed
/usr/bin/cmake -E cmake_link_script CMakeFiles/cmTC_e33ed.dir/link.txt --verbose=1
/usr/bin/cc  -DCHECK_FUNCTION_EXISTS=pthread_create    -rdynamic CMakeFiles/cmTC_e33ed.dir/CheckFunctionExists.c.o  -o cmTC_e33ed -lpthreads 
/usr/bin/ld: cannot find -lpthreads
collect2: error: ld returned 1 exit status
CMakeFiles/cmTC_e33ed.dir/build.make:97: recipe for target 'cmTC_e33ed' failed
make[1]: *** [cmTC_e33ed] Error 1
make[1]: выход из каталога «/home/alex-criwer/CLionProjects/game/CMakeFiles/CMakeTmp»
Makefile:126: recipe for target 'cmTC_e33ed/fast' failed
make: *** [cmTC_e33ed/fast] Error 2


Determining if the pthread_create exist failed with the following output:
Change Dir: /home/alex-criwer/CLionProjects/game/CMakeFiles/CMakeTmp

Run Build Command:"/usr/bin/make" "cmTC_3e984/fast"
/usr/bin/make -f CMakeFiles/cmTC_3e984.dir/build.make CMakeFiles/cmTC_3e984.dir/build
make[1]: вход в каталог «/home/alex-criwer/CLionProjects/game/CMakeFiles/CMakeTmp»
Building C object CMakeFiles/cmTC_3e984.dir/CheckSymbolExists.c.o
/usr/bin/cc    -o CMakeFiles/cmTC_3e984.dir/CheckSymbolExists.c.o   -c /home/alex-criwer/CLionProjects/game/CMakeFiles/CMakeTmp/CheckSymbolExists.c
Linking C executable cmTC_3e984
/usr/bin/cmake -E cmake_link_script CMakeFiles/cmTC_3e984.dir/link.txt --verbose=1
/usr/bin/cc      -rdynamic CMakeFiles/cmTC_3e984.dir/CheckSymbolExists.c.o  -o cmTC_3e984 
CMakeFiles/cmTC_3e984.dir/CheckSymbolExists.c.o: In function `main':
CheckSymbolExists.c:(.text+0x1b): undefined reference to `pthread_create'
collect2: error: ld returned 1 exit status
CMakeFiles/cmTC_3e984.dir/build.make:97: recipe for target 'cmTC_3e984' failed
make[1]: *** [cmTC_3e984] Error 1
make[1]: выход из каталога «/home/alex-criwer/CLionProjects/game/CMakeFiles/CMakeTmp»
Makefile:126: recipe for target 'cmTC_3e984/fast' failed
make: *** [cmTC_3e984/fast] Error 2

File /home/alex-criwer/CLionProjects/game/CMakeFiles/CMakeTmp/CheckSymbolExists.c:
/* */
#include <pthread.h>

int main(int argc, char** argv)
{
  (void)argv;
#ifndef pthread_create
  return ((int*)(&pthread_create))[argc];
#else
  (void)argc;
  return 0;
#endif
}

Determining if the function pthread_create exists in the pthreads failed with the following output:
Change Dir: /home/alex-criwer/CLionProjects/game/CMakeFiles/CMakeTmp

Run Build Command:"/usr/bin/make" "cmTC_8f022/fast"
/usr/bin/make -f CMakeFiles/cmTC_8f022.dir/build.make CMakeFiles/cmTC_8f022.dir/build
make[1]: вход в каталог «/home/alex-criwer/CLionProjects/game/CMakeFiles/CMakeTmp»
Building C object CMakeFiles/cmTC_8f022.dir/CheckFunctionExists.c.o
/usr/bin/cc   -DCHECK_FUNCTION_EXISTS=pthread_create   -o CMakeFiles/cmTC_8f022.dir/CheckFunctionExists.c.o   -c /usr/share/cmake-3.10/Modules/CheckFunctionExists.c
Linking C executable cmTC_8f022
/usr/bin/cmake -E cmake_link_script CMakeFiles/cmTC_8f022.dir/link.txt --verbose=1
/usr/bin/cc  -DCHECK_FUNCTION_EXISTS=pthread_create    -rdynamic CMakeFiles/cmTC_8f022.dir/CheckFunctionExists.c.o  -o cmTC_8f022 -lpthreads 
/usr/bin/ld: cannot find -lpthreads
collect2: error: ld returned 1 exit status
CMakeFiles/cmTC_8f022.dir/build.make:97: recipe for target 'cmTC_8f022' failed
make[1]: *** [cmTC_8f022] Error 1
make[1]: выход из каталога «/home/alex-criwer/CLionProjects/game/CMakeFiles/CMakeTmp»
Makefile:126: recipe for target 'cmTC_8f022/fast' failed
make: *** [cmTC_8f022/fast] Error 2


